================check Overlapping========================
number of overlapping tcrs:  0
number of overlapping epitopes:  177
Model: "model_2"
__________________________________________________________________________________________________
Layer (type)                    Output Shape         Param #     Connected to                     
==================================================================================================
input_1 (InputLayer)            [(None, 2048)]       0                                            
__________________________________________________________________________________________________
input_2 (InputLayer)            [(None, 2048)]       0                                            
__________________________________________________________________________________________________
dense (Dense)                   (None, 2048)         4196352     input_1[0][0]                    
__________________________________________________________________________________________________
dense_1 (Dense)                 (None, 2048)         4196352     input_2[0][0]                    
__________________________________________________________________________________________________
batch_normalization (BatchNorma (None, 2048)         8192        dense[0][0]                      
__________________________________________________________________________________________________
batch_normalization_1 (BatchNor (None, 2048)         8192        dense_1[0][0]                    
__________________________________________________________________________________________________
dropout (Dropout)               (None, 2048)         0           batch_normalization[0][0]        
__________________________________________________________________________________________________
dropout_1 (Dropout)             (None, 2048)         0           batch_normalization_1[0][0]      
__________________________________________________________________________________________________
tf.nn.silu (TFOpLambda)         (None, 2048)         0           dropout[0][0]                    
__________________________________________________________________________________________________
tf.nn.silu_1 (TFOpLambda)       (None, 2048)         0           dropout_1[0][0]                  
__________________________________________________________________________________________________
concatenate (Concatenate)       (None, 4096)         0           tf.nn.silu[0][0]                 
                                                                 tf.nn.silu_1[0][0]               
__________________________________________________________________________________________________
dense_2 (Dense)                 (None, 1024)         4195328     concatenate[0][0]                
__________________________________________________________________________________________________
batch_normalization_2 (BatchNor (None, 1024)         4096        dense_2[0][0]                    
__________________________________________________________________________________________________
dropout_2 (Dropout)             (None, 1024)         0           batch_normalization_2[0][0]      
__________________________________________________________________________________________________
tf.nn.silu_2 (TFOpLambda)       (None, 1024)         0           dropout_2[0][0]                  
__________________________________________________________________________________________________
dense_3 (Dense)                 (None, 1)            1025        tf.nn.silu_2[0][0]               
==================================================================================================
Total params: 12,609,537
Trainable params: 12,599,297
Non-trainable params: 10,240
__________________________________________________________________________________________________
Epoch 00039: early stopping
================Performance========================
catELMo_4_layers_1024_tcr_seed_42_fraction_1.0AUC: 0.7018531382804838
precision_recall_fscore_macro (0.625078059268954, 0.6242570358703081, 0.6241073548098808, None)
acc is 0.6252408477842004
precision1 is 0.6269982238010657
precision0 is 0.6231578947368421
recall1 is 0.6635338345864662
recall0 is 0.5849802371541502
f1macro is 0.6241073548098808
f1micro is 0.6252408477842004
